[debug] [2020-06-11T08:20:30.998Z] ----------------------------------------------------------------------
[debug] [2020-06-11T08:20:31.000Z] Command:       C:\Program Files\nodejs\node.exe C:\Users\jchad\AppData\Roaming\npm\node_modules\firebase-tools\lib\bin\firebase.js deploy
[debug] [2020-06-11T08:20:31.001Z] CLI Version:   8.4.1
[debug] [2020-06-11T08:20:31.001Z] Platform:      win32
[debug] [2020-06-11T08:20:31.001Z] Node Version:  v12.18.0
[debug] [2020-06-11T08:20:31.002Z] Time:          Thu Jun 11 2020 10:20:31 GMT+0200 (South Africa Standard Time)
[debug] [2020-06-11T08:20:31.002Z] ----------------------------------------------------------------------
[debug] [2020-06-11T08:20:31.002Z] 
[debug] [2020-06-11T08:20:31.014Z] > command requires scopes: ["email","openid","https://www.googleapis.com/auth/cloudplatformprojects.readonly","https://www.googleapis.com/auth/firebase","https://www.googleapis.com/auth/cloud-platform"]
[debug] [2020-06-11T08:20:31.015Z] > authorizing via signed-in user
[debug] [2020-06-11T08:20:31.016Z] [iam] checking project rentals-a4840 for permissions ["firebase.projects.get","firebasehosting.sites.update"]
[debug] [2020-06-11T08:20:31.019Z] >>> HTTP REQUEST POST https://cloudresourcemanager.googleapis.com/v1/projects/rentals-a4840:testIamPermissions  
 {"permissions":["firebase.projects.get","firebasehosting.sites.update"]}
[debug] [2020-06-11T08:20:52.085Z] [iam] error while checking permissions, command may fail: FirebaseError: Server Error. connect ETIMEDOUT 216.58.223.138:443
[debug] [2020-06-11T08:20:52.087Z] >>> HTTP REQUEST GET https://firebase.googleapis.com/v1beta1/projects/rentals-a4840  
 
[debug] [2020-06-11T08:21:18.243Z] Server Error. connect ETIMEDOUT 172.217.170.42:443
[debug] [2020-06-11T08:21:39.314Z] FirebaseError: Server Error. connect ETIMEDOUT 172.217.170.42:443
    at Request._callback (C:\Users\jchad\AppData\Roaming\npm\node_modules\firebase-tools\lib\api.js:32:31)
    at self.callback (C:\Users\jchad\AppData\Roaming\npm\node_modules\firebase-tools\node_modules\request\request.js:185:22)
    at Request.emit (events.js:315:20)
    at Request.EventEmitter.emit (domain.js:482:12)
    at Request.onRequestError (C:\Users\jchad\AppData\Roaming\npm\node_modules\firebase-tools\node_modules\request\request.js:877:8)
    at ClientRequest.emit (events.js:327:22)
    at ClientRequest.EventEmitter.emit (domain.js:482:12)
    at TLSSocket.socketErrorListener (_http_client.js:426:9)
    at TLSSocket.emit (events.js:315:20)
    at TLSSocket.EventEmitter.emit (domain.js:482:12)
    at emitErrorNT (internal/streams/destroy.js:92:8)
    at emitErrorAndCloseNT (internal/streams/destroy.js:60:3)
    at processTicksAndRejections (internal/process/task_queues.js:84:21)
[error] 
[error] Error: Failed to get Firebase project rentals-a4840. Please make sure the project exists and your account has permission to access it.
